TN:
SF:src/app.js
FN:7,App
FN:13,middlewares
FN:18,routes
FNF:3
FNH:3
FNDA:1,App
FNDA:1,middlewares
FNDA:1,routes
DA:1,1
DA:2,1
DA:3,1
DA:4,1
DA:5,1
DA:6,1
DA:7,1
DA:8,1
DA:9,1
DA:10,1
DA:11,1
DA:12,1
DA:13,1
DA:14,1
DA:15,1
DA:16,1
DA:17,1
DA:18,1
DA:19,1
DA:20,1
DA:21,1
DA:22,1
DA:23,1
LF:23
LH:23
BRDA:7,0,0,1
BRDA:13,1,0,1
BRDA:18,2,0,1
BRF:3
BRH:3
end_of_record
TN:
SF:src/app/controller/CarController.js
FN:8,create
FN:17,getAll
FN:29,findById
FN:38,deleteCar
FN:47,update
FN:57,updateAccessory
FNF:6
FNH:3
FNDA:1,create
FNDA:2,getAll
FNDA:2,findById
FNDA:0,deleteCar
FNDA:0,update
FNDA:0,updateAccessory
DA:1,1
DA:2,1
DA:3,1
DA:4,1
DA:5,1
DA:6,1
DA:7,1
DA:8,1
DA:9,1
DA:10,1
DA:11,1
DA:12,1
DA:13,0
DA:14,0
DA:15,1
DA:16,1
DA:17,1
DA:18,2
DA:19,2
DA:20,2
DA:21,0
DA:22,0
DA:23,2
DA:24,2
DA:25,0
DA:26,0
DA:27,2
DA:28,1
DA:29,1
DA:30,2
DA:31,2
DA:32,1
DA:33,1
DA:34,1
DA:35,1
DA:36,2
DA:37,1
DA:38,1
DA:39,0
DA:40,0
DA:41,0
DA:42,0
DA:43,0
DA:44,0
DA:45,0
DA:46,1
DA:47,1
DA:48,0
DA:49,0
DA:50,0
DA:51,0
DA:52,0
DA:53,0
DA:54,0
DA:55,0
DA:56,1
DA:57,1
DA:58,0
DA:59,0
DA:60,0
DA:61,0
DA:62,0
DA:63,0
DA:64,0
DA:65,1
DA:66,1
DA:67,1
LF:67
LH:39
BRDA:8,0,0,1
BRDA:12,1,0,0
BRDA:17,2,0,2
BRDA:20,3,0,0
BRDA:24,4,0,0
BRDA:29,5,0,2
BRDA:31,6,0,1
BRF:7
BRH:4
end_of_record
TN:
SF:src/app/controller/PeopleController.js
FN:8,create
FN:17,getAll
FN:29,findById
FN:39,deletePerson
FN:48,update
FN:57,validate
FNF:6
FNH:6
FNDA:3,create
FNDA:1,getAll
FNDA:2,findById
FNDA:2,deletePerson
FNDA:1,update
FNDA:3,validate
DA:1,1
DA:2,1
DA:3,1
DA:4,1
DA:5,1
DA:6,1
DA:7,1
DA:8,1
DA:9,3
DA:10,3
DA:11,3
DA:12,3
DA:13,0
DA:14,0
DA:15,3
DA:16,1
DA:17,1
DA:18,1
DA:19,1
DA:20,1
DA:21,0
DA:22,0
DA:23,1
DA:24,1
DA:25,0
DA:26,0
DA:27,1
DA:28,1
DA:29,1
DA:30,2
DA:31,2
DA:32,1
DA:33,1
DA:34,1
DA:35,1
DA:36,1
DA:37,2
DA:38,1
DA:39,1
DA:40,2
DA:41,2
DA:42,1
DA:43,1
DA:44,1
DA:45,1
DA:46,2
DA:47,1
DA:48,1
DA:49,1
DA:50,1
DA:51,1
DA:52,1
DA:53,0
DA:54,0
DA:55,1
DA:56,1
DA:57,1
DA:58,3
DA:59,3
DA:60,1
DA:61,3
DA:62,2
DA:63,2
DA:64,3
DA:65,1
DA:66,1
DA:67,1
LF:67
LH:59
BRDA:8,0,0,3
BRDA:12,1,0,0
BRDA:17,2,0,1
BRDA:20,3,0,0
BRDA:24,4,0,0
BRDA:29,5,0,2
BRDA:31,6,0,1
BRDA:39,7,0,2
BRDA:41,8,0,1
BRDA:48,9,0,1
BRDA:52,10,0,0
BRDA:57,11,0,3
BRDA:59,12,0,1
BRDA:61,13,0,2
BRF:14
BRH:10
end_of_record
TN:
SF:src/app/controller/RentalController.js
FN:7,create
FN:16,getAll
FN:28,findById
FN:38,update
FN:47,delete
FNF:5
FNH:5
FNDA:8,create
FNDA:1,getAll
FNDA:2,findById
FNDA:2,update
FNDA:2,delete
DA:1,1
DA:2,1
DA:3,1
DA:4,1
DA:5,1
DA:6,1
DA:7,1
DA:8,8
DA:9,8
DA:10,4
DA:11,4
DA:12,4
DA:13,4
DA:14,8
DA:15,1
DA:16,1
DA:17,1
DA:18,1
DA:19,1
DA:20,0
DA:21,0
DA:22,1
DA:23,1
DA:24,0
DA:25,0
DA:26,1
DA:27,1
DA:28,1
DA:29,2
DA:30,2
DA:31,1
DA:32,1
DA:33,1
DA:34,1
DA:35,1
DA:36,2
DA:37,1
DA:38,1
DA:39,2
DA:40,2
DA:41,1
DA:42,1
DA:43,1
DA:44,1
DA:45,2
DA:46,1
DA:47,1
DA:48,2
DA:49,2
DA:50,1
DA:51,1
DA:52,1
DA:53,1
DA:54,2
DA:55,1
DA:56,1
LF:56
LH:52
BRDA:7,0,0,8
BRDA:9,1,0,4
BRDA:16,2,0,1
BRDA:19,3,0,0
BRDA:23,4,0,0
BRDA:28,5,0,2
BRDA:30,6,0,1
BRDA:38,7,0,2
BRDA:40,8,0,1
BRDA:47,9,0,2
BRDA:49,10,0,1
BRF:11
BRH:9
end_of_record
TN:
SF:src/app/errors/alreadyExists.js
FN:2,AlreadyExists
FNF:1
FNH:1
FNDA:2,AlreadyExists
DA:1,1
DA:2,1
DA:3,2
DA:4,2
DA:5,2
DA:6,2
DA:7,2
DA:8,2
DA:9,2
DA:10,1
DA:11,1
DA:12,1
LF:12
LH:12
BRDA:2,0,0,2
BRF:1
BRH:1
end_of_record
TN:
SF:src/app/errors/authFailed.js
FN:2,AuthFailed
FNF:1
FNH:1
FNDA:1,AuthFailed
DA:1,1
DA:2,1
DA:3,1
DA:4,1
DA:5,1
DA:6,1
DA:7,1
DA:8,1
DA:9,1
DA:10,1
DA:11,1
DA:12,1
LF:12
LH:12
BRDA:2,0,0,1
BRF:1
BRH:1
end_of_record
TN:
SF:src/app/errors/existentDescription.js
FN:2,ExistentDescription
FNF:1
FNH:0
FNDA:0,ExistentDescription
DA:1,1
DA:2,1
DA:3,0
DA:4,0
DA:5,0
DA:6,0
DA:7,0
DA:8,0
DA:9,0
DA:10,1
DA:11,1
DA:12,1
LF:12
LH:5
BRF:0
BRH:0
end_of_record
TN:
SF:src/app/errors/filialError.js
FN:2,FilialError
FNF:1
FNH:1
FNDA:1,FilialError
DA:1,1
DA:2,1
DA:3,1
DA:4,1
DA:5,1
DA:6,1
DA:7,1
DA:8,1
DA:9,1
DA:10,1
DA:11,1
DA:12,1
LF:12
LH:12
BRDA:2,0,0,1
BRF:1
BRH:1
end_of_record
TN:
SF:src/app/errors/invalidCep.js
FN:2,InvalidCep
FNF:1
FNH:1
FNDA:1,InvalidCep
DA:1,1
DA:2,1
DA:3,1
DA:4,1
DA:5,1
DA:6,1
DA:7,1
DA:8,1
DA:9,1
DA:10,1
DA:11,1
DA:12,1
LF:12
LH:12
BRDA:2,0,0,1
BRF:1
BRH:1
end_of_record
TN:
SF:src/app/errors/notFound.js
FN:2,NotFound
FNF:1
FNH:1
FNDA:1,NotFound
DA:1,1
DA:2,1
DA:3,1
DA:4,1
DA:5,1
DA:6,1
DA:7,1
DA:8,1
DA:9,1
DA:10,1
DA:11,1
DA:12,1
LF:12
LH:12
BRDA:2,0,0,1
BRF:1
BRH:1
end_of_record
TN:
SF:src/app/errors/underAge.js
FN:2,UnderAge
FNF:1
FNH:1
FNDA:1,UnderAge
DA:1,1
DA:2,1
DA:3,1
DA:4,1
DA:5,1
DA:6,1
DA:7,1
DA:8,1
DA:9,1
DA:10,1
DA:11,1
DA:12,1
LF:12
LH:12
BRDA:2,0,0,1
BRF:1
BRH:1
end_of_record
TN:
SF:src/app/errors/unexistentAccessory.js
FN:2,UnexistentAccessory
FNF:1
FNH:0
FNDA:0,UnexistentAccessory
DA:1,1
DA:2,1
DA:3,0
DA:4,0
DA:5,0
DA:6,0
DA:7,0
DA:8,0
DA:9,0
DA:10,1
DA:11,1
DA:12,1
LF:12
LH:5
BRF:0
BRH:0
end_of_record
TN:
SF:src/app/middlewares/auth.js
FN:4,Object.<anonymous>.module.exports
FNF:1
FNH:1
FNDA:2,Object.<anonymous>.module.exports
DA:1,1
DA:2,1
DA:3,1
DA:4,1
DA:5,2
DA:6,2
DA:7,2
DA:8,0
DA:9,0
DA:10,2
DA:11,2
DA:12,2
DA:13,0
DA:14,0
DA:15,2
DA:16,2
DA:17,2
DA:18,2
DA:19,0
DA:20,0
DA:21,2
DA:22,2
DA:23,0
DA:24,0
DA:25,2
DA:26,2
DA:27,2
DA:28,2
LF:28
LH:20
BRDA:4,0,0,2
BRDA:7,1,0,0
BRDA:12,2,0,0
BRDA:18,3,0,0
BRDA:21,4,0,2
BRDA:22,5,0,0
BRF:6
BRH:2
end_of_record
TN:
SF:src/app/repository/CarRepository.js
FN:4,create
FN:10,getAll
FN:16,findById
FN:22,findByModel
FN:27,delete
FN:32,update
FN:38,updateAccessory
FNF:7
FNH:4
FNDA:1,create
FNDA:2,getAll
FNDA:2,findById
FNDA:1,findByModel
FNDA:0,delete
FNDA:0,update
FNDA:0,updateAccessory
DA:1,1
DA:2,1
DA:3,1
DA:4,1
DA:5,1
DA:6,1
DA:7,1
DA:8,1
DA:9,1
DA:10,1
DA:11,2
DA:12,2
DA:13,2
DA:14,2
DA:15,1
DA:16,1
DA:17,2
DA:18,2
DA:19,2
DA:20,2
DA:21,1
DA:22,1
DA:23,1
DA:24,1
DA:25,1
DA:26,1
DA:27,1
DA:28,0
DA:29,0
DA:30,0
DA:31,1
DA:32,1
DA:33,0
DA:34,0
DA:35,0
DA:36,0
DA:37,1
DA:38,1
DA:39,0
DA:40,0
DA:41,0
DA:42,0
DA:43,0
DA:44,0
DA:45,0
DA:46,0
DA:47,1
DA:48,1
DA:49,1
LF:49
LH:34
BRDA:4,0,0,1
BRDA:10,1,0,2
BRDA:16,2,0,2
BRDA:22,3,0,1
BRF:4
BRH:4
end_of_record
TN:
SF:src/app/repository/PeopleRepository.js
FN:4,create
FN:10,getAll
FN:15,findByCpf
FN:19,findByEmail
FN:24,findById
FN:30,delete
FN:35,update
FN:41,validate
FNF:8
FNH:8
FNDA:3,create
FNDA:1,getAll
FNDA:3,findByCpf
FNDA:3,findByEmail
FNDA:2,findById
FNDA:2,delete
FNDA:1,update
FNDA:3,validate
DA:1,1
DA:2,1
DA:3,1
DA:4,1
DA:5,3
DA:6,3
DA:7,3
DA:8,3
DA:9,1
DA:10,1
DA:11,1
DA:12,1
DA:13,1
DA:14,1
DA:15,1
DA:16,3
DA:17,3
DA:18,1
DA:19,1
DA:20,3
DA:21,3
DA:22,3
DA:23,1
DA:24,1
DA:25,2
DA:26,2
DA:27,2
DA:28,2
DA:29,1
DA:30,1
DA:31,2
DA:32,2
DA:33,2
DA:34,1
DA:35,1
DA:36,1
DA:37,1
DA:38,1
DA:39,1
DA:40,1
DA:41,1
DA:42,3
DA:43,3
DA:44,3
DA:45,3
DA:46,3
DA:47,3
DA:48,1
DA:49,1
DA:50,1
LF:50
LH:50
BRDA:4,0,0,3
BRDA:10,1,0,1
BRDA:15,2,0,3
BRDA:19,3,0,3
BRDA:24,4,0,2
BRDA:30,5,0,2
BRDA:35,6,0,1
BRDA:41,7,0,3
BRF:8
BRH:8
end_of_record
TN:
SF:src/app/repository/RentalRepository.js
FN:4,create
FN:8,getAll
FN:14,findByName
FN:20,findByCnpj
FN:26,findById
FN:32,update
FN:38,delete
FNF:7
FNH:7
FNDA:4,create
FNDA:1,getAll
FNDA:6,findByName
FNDA:5,findByCnpj
FNDA:2,findById
FNDA:1,update
FNDA:2,delete
DA:1,1
DA:2,1
DA:3,1
DA:4,1
DA:5,4
DA:6,4
DA:7,1
DA:8,1
DA:9,1
DA:10,1
DA:11,1
DA:12,1
DA:13,1
DA:14,1
DA:15,6
DA:16,6
DA:17,6
DA:18,6
DA:19,1
DA:20,1
DA:21,5
DA:22,5
DA:23,5
DA:24,5
DA:25,1
DA:26,1
DA:27,2
DA:28,2
DA:29,2
DA:30,2
DA:31,1
DA:32,1
DA:33,1
DA:34,1
DA:35,1
DA:36,1
DA:37,1
DA:38,1
DA:39,2
DA:40,2
DA:41,2
DA:42,1
DA:43,1
DA:44,1
LF:44
LH:44
BRDA:4,0,0,4
BRDA:8,1,0,1
BRDA:14,2,0,6
BRDA:20,3,0,5
BRDA:26,4,0,2
BRDA:32,5,0,1
BRDA:38,6,0,2
BRF:7
BRH:7
end_of_record
TN:
SF:src/app/schema/CarSchema.js
FNF:0
FNH:0
DA:1,1
DA:2,1
DA:3,1
DA:4,1
DA:5,1
DA:6,1
DA:7,1
DA:8,1
DA:9,1
DA:10,1
DA:11,1
DA:12,1
DA:13,1
DA:14,1
DA:15,1
DA:16,1
DA:17,1
DA:18,1
DA:19,1
DA:20,1
DA:21,1
DA:22,1
LF:22
LH:22
BRF:0
BRH:0
end_of_record
TN:
SF:src/app/schema/PeopleSchema.js
FN:17,transform
FNF:1
FNH:1
FNDA:1,transform
DA:1,1
DA:2,1
DA:3,1
DA:4,1
DA:5,1
DA:6,1
DA:7,1
DA:8,1
DA:9,1
DA:10,1
DA:11,1
DA:12,1
DA:13,1
DA:14,1
DA:15,1
DA:16,1
DA:17,1
DA:18,1
DA:19,1
DA:20,1
DA:21,1
DA:22,1
DA:23,1
DA:24,1
DA:25,1
DA:26,1
DA:27,1
DA:28,1
DA:29,1
DA:30,1
DA:31,1
DA:32,1
DA:33,1
DA:34,1
DA:35,1
DA:36,1
LF:36
LH:36
BRDA:17,0,0,1
BRF:1
BRH:1
end_of_record
TN:
SF:src/app/schema/RentalSchema.js
FNF:0
FNH:0
DA:1,1
DA:2,1
DA:3,1
DA:4,1
DA:5,1
DA:6,1
DA:7,1
DA:8,1
DA:9,1
DA:10,1
DA:11,1
DA:12,1
DA:13,1
DA:14,1
DA:15,1
DA:16,1
DA:17,1
DA:18,1
DA:19,1
DA:20,1
DA:21,1
DA:22,1
DA:23,1
DA:24,1
DA:25,1
DA:26,1
DA:27,1
DA:28,1
DA:29,1
DA:30,1
DA:31,1
DA:32,1
DA:33,1
DA:34,1
DA:35,1
DA:36,1
DA:37,1
DA:38,1
DA:39,1
DA:40,1
DA:41,1
DA:42,1
DA:43,1
DA:44,1
DA:45,1
DA:46,1
DA:47,1
DA:48,1
DA:49,1
DA:50,1
DA:51,1
DA:52,1
DA:53,1
DA:54,1
DA:55,1
DA:56,1
DA:57,1
DA:58,1
DA:59,1
LF:59
LH:59
BRF:0
BRH:0
end_of_record
TN:
SF:src/app/serialize/allCars.js
FN:1,serialize
FN:3,serializeAllCars
FNF:2
FNH:2
FNDA:1,serialize
FNDA:2,serializeAllCars
DA:1,1
DA:2,1
DA:3,1
DA:4,1
DA:5,1
DA:6,1
DA:7,1
DA:8,1
DA:9,1
DA:10,1
DA:11,1
LF:11
LH:11
BRDA:1,0,0,1
BRDA:3,1,0,2
BRF:2
BRH:2
end_of_record
TN:
SF:src/app/serialize/allPeople.js
FN:1,serialize
FN:10,serializeAllPeople
FNF:2
FNH:2
FNDA:1,serialize
FNDA:1,serializeAllPeople
DA:1,1
DA:2,1
DA:3,1
DA:4,1
DA:5,1
DA:6,1
DA:7,1
DA:8,1
DA:9,1
DA:10,1
DA:11,1
DA:12,1
DA:13,1
DA:14,1
DA:15,1
DA:16,1
DA:17,1
DA:18,1
LF:18
LH:18
BRDA:1,0,0,1
BRDA:10,1,0,1
BRF:2
BRH:2
end_of_record
TN:
SF:src/app/serialize/allRental.js
FN:1,serializeAddress
FN:11,serialize
FN:18,serializeAllRental
FNF:3
FNH:3
FNDA:1,serializeAddress
FNDA:1,serialize
FNDA:1,serializeAllRental
DA:1,1
DA:2,1
DA:3,1
DA:4,1
DA:5,1
DA:6,1
DA:7,1
DA:8,1
DA:9,1
DA:10,1
DA:11,1
DA:12,1
DA:13,1
DA:14,1
DA:15,1
DA:16,1
DA:17,1
DA:18,1
DA:19,1
DA:20,1
DA:21,1
DA:22,1
DA:23,1
DA:24,1
DA:25,1
DA:26,1
LF:26
LH:26
BRDA:1,0,0,1
BRDA:11,1,0,1
BRDA:18,2,0,1
BRF:3
BRH:3
end_of_record
TN:
SF:src/app/serialize/createCar.js
FN:1,serialize
FNF:1
FNH:1
FNDA:1,serialize
DA:1,1
DA:2,1
DA:3,1
DA:4,1
DA:5,1
DA:6,1
DA:7,1
DA:8,1
DA:9,1
DA:10,1
LF:10
LH:10
BRDA:1,0,0,1
BRF:1
BRH:1
end_of_record
TN:
SF:src/app/serialize/createUser.js
FN:3,serialize
FNF:1
FNH:1
FNDA:3,serialize
DA:1,1
DA:2,1
DA:3,1
DA:4,1
DA:5,1
DA:6,1
DA:7,1
DA:8,1
DA:9,1
DA:10,1
DA:11,1
DA:12,1
DA:13,1
LF:13
LH:13
BRDA:3,0,0,3
BRF:1
BRH:1
end_of_record
TN:
SF:src/app/serialize/errors/joierrors.js
FN:1,serialize
FN:9,serializeErrors
FNF:2
FNH:2
FNDA:1,serialize
FNDA:1,serializeErrors
DA:1,1
DA:2,1
DA:3,1
DA:4,1
DA:5,1
DA:6,1
DA:7,1
DA:8,1
DA:9,1
DA:10,1
DA:11,1
DA:12,1
LF:12
LH:12
BRDA:1,0,0,1
BRDA:9,1,0,1
BRF:2
BRH:2
end_of_record
TN:
SF:src/app/serialize/errors/routeErrors.js
FN:1,serializeErrors
FNF:1
FNH:1
FNDA:2,serializeErrors
DA:1,1
DA:2,1
DA:3,1
DA:4,1
DA:5,1
DA:6,1
LF:6
LH:6
BRDA:1,0,0,2
BRF:1
BRH:1
end_of_record
TN:
SF:src/app/service/CarService.js
FN:12,create
FN:21,getAll
FN:48,findById
FN:56,deleteCar
FN:64,update
FN:77,updateAccessory
FNF:6
FNH:3
FNDA:1,create
FNDA:2,getAll
FNDA:2,findById
FNDA:0,deleteCar
FNDA:0,update
FNDA:0,updateAccessory
DA:1,1
DA:2,1
DA:3,1
DA:4,1
DA:5,1
DA:6,1
DA:7,1
DA:8,1
DA:9,1
DA:10,1
DA:11,1
DA:12,1
DA:13,1
DA:14,1
DA:15,1
DA:16,1
DA:17,1
DA:18,0
DA:19,0
DA:20,1
DA:21,1
DA:22,2
DA:23,2
DA:24,2
DA:25,2
DA:26,2
DA:27,0
DA:28,0
DA:29,2
DA:30,2
DA:31,2
DA:32,0
DA:33,0
DA:34,2
DA:35,2
DA:36,2
DA:37,2
DA:38,2
DA:39,0
DA:40,0
DA:41,0
DA:42,2
DA:43,2
DA:44,2
DA:45,2
DA:46,2
DA:47,1
DA:48,1
DA:49,2
DA:50,2
DA:51,1
DA:52,1
DA:53,1
DA:54,1
DA:55,1
DA:56,1
DA:57,0
DA:58,0
DA:59,0
DA:60,0
DA:61,0
DA:62,0
DA:63,1
DA:64,1
DA:65,0
DA:66,0
DA:67,0
DA:68,0
DA:69,0
DA:70,0
DA:71,0
DA:72,0
DA:73,0
DA:74,0
DA:75,0
DA:76,1
DA:77,1
DA:78,0
DA:79,0
DA:80,0
DA:81,0
DA:82,0
DA:83,0
DA:84,0
DA:85,0
DA:86,0
DA:87,0
DA:88,0
DA:89,0
DA:90,0
DA:91,0
DA:92,0
DA:93,0
DA:94,0
DA:95,0
DA:96,0
DA:97,0
DA:98,0
DA:99,1
DA:100,1
DA:101,1
LF:101
LH:54
BRDA:12,0,0,1
BRDA:18,1,0,0
BRDA:21,2,0,2
BRDA:26,3,0,0
BRDA:31,4,0,0
BRDA:38,5,0,0
BRDA:48,6,0,2
BRDA:50,7,0,1
BRF:8
BRH:4
end_of_record
TN:
SF:src/app/service/PeopleService.js
FN:13,create
FN:33,getAll
FN:56,findById
FN:64,deletePerson
FN:72,update
FN:113,validate
FNF:6
FNH:6
FNDA:3,create
FNDA:1,getAll
FNDA:2,findById
FNDA:2,deletePerson
FNDA:1,update
FNDA:3,validate
DA:1,1
DA:2,1
DA:3,1
DA:4,1
DA:5,1
DA:6,1
DA:7,1
DA:8,1
DA:9,1
DA:10,1
DA:11,1
DA:12,1
DA:13,1
DA:14,3
DA:15,3
DA:16,3
DA:17,3
DA:18,3
DA:19,3
DA:20,3
DA:21,3
DA:22,0
DA:23,0
DA:24,3
DA:25,3
DA:26,3
DA:27,3
DA:28,3
DA:29,3
DA:30,0
DA:31,0
DA:32,1
DA:33,1
DA:34,1
DA:35,1
DA:36,1
DA:37,1
DA:38,1
DA:39,0
DA:40,0
DA:41,1
DA:42,1
DA:43,1
DA:44,0
DA:45,0
DA:46,1
DA:47,1
DA:48,1
DA:49,1
DA:50,1
DA:51,1
DA:52,1
DA:53,1
DA:54,1
DA:55,1
DA:56,1
DA:57,2
DA:58,2
DA:59,1
DA:60,1
DA:61,1
DA:62,1
DA:63,1
DA:64,1
DA:65,2
DA:66,2
DA:67,1
DA:68,1
DA:69,1
DA:70,1
DA:71,1
DA:72,1
DA:73,1
DA:74,1
DA:75,0
DA:76,0
DA:77,1
DA:78,1
DA:79,1
DA:80,1
DA:81,1
DA:82,1
DA:83,1
DA:84,1
DA:85,0
DA:86,0
DA:87,1
DA:88,1
DA:89,1
DA:90,1
DA:91,1
DA:92,0
DA:93,0
DA:94,1
DA:95,1
DA:96,1
DA:97,1
DA:98,1
DA:99,1
DA:100,0
DA:101,0
DA:102,1
DA:103,1
DA:104,1
DA:105,1
DA:106,1
DA:107,0
DA:108,0
DA:109,1
DA:110,1
DA:111,1
DA:112,1
DA:113,1
DA:114,3
DA:115,3
DA:116,1
DA:117,1
DA:118,2
DA:119,2
DA:120,3
DA:121,1
DA:122,1
DA:123,1
DA:124,1
DA:125,1
DA:126,1
DA:127,1
DA:128,1
DA:129,1
DA:130,1
DA:131,1
DA:132,1
DA:133,1
LF:133
LH:115
BRDA:13,0,0,3
BRDA:21,1,0,0
BRDA:30,2,0,0
BRDA:33,3,0,1
BRDA:38,4,0,0
BRDA:43,5,0,0
BRDA:56,6,0,2
BRDA:58,7,0,1
BRDA:64,8,0,2
BRDA:66,9,0,1
BRDA:72,10,0,1
BRDA:74,11,0,0
BRDA:84,12,0,0
BRDA:91,13,0,0
BRDA:99,14,0,0
BRDA:106,15,0,0
BRDA:113,16,0,3
BRDA:115,17,0,1
BRDA:118,18,0,2
BRDA:120,19,0,1
BRF:20
BRH:11
end_of_record
TN:
SF:src/app/service/RentalService.js
FN:9,create
FN:44,getAll
FN:77,findById
FN:85,update
FN:120,delete
FNF:5
FNH:5
FNDA:8,create
FNDA:1,getAll
FNDA:2,findById
FNDA:2,update
FNDA:2,delete
DA:1,1
DA:2,1
DA:3,1
DA:4,1
DA:5,1
DA:6,1
DA:7,1
DA:8,1
DA:9,1
DA:10,8
DA:11,8
DA:12,10
DA:13,10
DA:14,10
DA:15,10
DA:16,10
DA:17,1
DA:18,1
DA:19,9
DA:20,9
DA:21,9
DA:22,9
DA:23,9
DA:24,7
DA:25,7
DA:26,7
DA:27,7
DA:28,8
DA:29,1
DA:30,1
DA:31,6
DA:32,8
DA:33,1
DA:34,1
DA:35,5
DA:36,8
DA:37,1
DA:38,1
DA:39,4
DA:40,4
DA:41,4
DA:42,4
DA:43,1
DA:44,1
DA:45,1
DA:46,1
DA:47,1
DA:48,1
DA:49,1
DA:50,0
DA:51,0
DA:52,1
DA:53,1
DA:54,1
DA:55,0
DA:56,0
DA:57,1
DA:58,1
DA:59,1
DA:60,1
DA:61,1
DA:62,1
DA:63,1
DA:64,1
DA:65,0
DA:66,0
DA:67,0
DA:68,0
DA:69,0
DA:70,1
DA:71,1
DA:72,1
DA:73,1
DA:74,1
DA:75,1
DA:76,1
DA:77,1
DA:78,2
DA:79,2
DA:80,1
DA:81,1
DA:82,1
DA:83,1
DA:84,1
DA:85,1
DA:86,2
DA:87,2
DA:88,1
DA:89,1
DA:90,1
DA:91,1
DA:92,1
DA:93,1
DA:94,0
DA:95,0
DA:96,1
DA:97,1
DA:98,1
DA:99,1
DA:100,1
DA:101,0
DA:102,0
DA:103,1
DA:104,1
DA:105,1
DA:106,1
DA:107,2
DA:108,0
DA:109,0
DA:110,1
DA:111,1
DA:112,1
DA:113,2
DA:114,0
DA:115,0
DA:116,1
DA:117,1
DA:118,1
DA:119,1
DA:120,1
DA:121,2
DA:122,2
DA:123,1
DA:124,1
DA:125,1
DA:126,1
DA:127,1
DA:128,1
DA:129,1
LF:129
LH:112
BRDA:9,0,0,8
BRDA:23,1,0,7
BRDA:28,2,0,1
BRDA:31,3,0,6
BRDA:32,4,0,1
BRDA:35,5,0,5
BRDA:36,6,0,1
BRDA:39,7,0,4
BRDA:11,8,0,10
BRDA:16,9,0,1
BRDA:19,10,0,9
BRDA:26,11,0,9
BRDA:44,12,0,1
BRDA:49,13,0,0
BRDA:54,14,0,0
BRDA:77,15,0,2
BRDA:79,16,0,1
BRDA:85,17,0,2
BRDA:87,18,0,1
BRDA:93,19,0,0
BRDA:100,20,0,0
BRDA:107,21,0,0
BRDA:110,22,0,1
BRDA:113,23,0,0
BRDA:116,24,0,1
BRDA:105,25,0,1
BRDA:120,26,0,2
BRDA:122,27,0,1
BRF:28
BRH:22
end_of_record
TN:
SF:src/app/utils/encrypt.js
FN:4,hashPassword
FN:10,isSame
FNF:2
FNH:2
FNDA:3,hashPassword
FNDA:2,isSame
DA:1,1
DA:2,1
DA:3,1
DA:4,1
DA:5,3
DA:6,3
DA:7,3
DA:8,3
DA:9,1
DA:10,1
DA:11,2
DA:12,2
DA:13,1
DA:14,1
DA:15,1
LF:15
LH:15
BRDA:4,0,0,3
BRDA:10,1,0,2
BRF:2
BRH:2
end_of_record
TN:
SF:src/app/utils/regex.js
FN:1,idRegex
FN:6,cpfRegex
FN:11,cnpjRegex
FN:16,cepRegex
FNF:4
FNH:4
FNDA:3,idRegex
FNDA:3,cpfRegex
FNDA:8,cnpjRegex
FNDA:8,cepRegex
DA:1,1
DA:2,3
DA:3,3
DA:4,3
DA:5,1
DA:6,1
DA:7,3
DA:8,3
DA:9,3
DA:10,1
DA:11,1
DA:12,8
DA:13,8
DA:14,8
DA:15,1
DA:16,1
DA:17,8
DA:18,8
DA:19,8
DA:20,1
DA:21,1
LF:21
LH:21
BRDA:1,0,0,3
BRDA:6,1,0,3
BRDA:11,2,0,8
BRDA:16,3,0,8
BRF:4
BRH:4
end_of_record
TN:
SF:src/app/validation/car/AccessoryValidate.js
FN:4,Object.<anonymous>.module.exports
FNF:1
FNH:0
FNDA:0,Object.<anonymous>.module.exports
DA:1,1
DA:2,1
DA:3,1
DA:4,1
DA:5,0
DA:6,0
DA:7,0
DA:8,0
DA:9,0
DA:10,0
DA:11,0
DA:12,0
DA:13,0
DA:14,0
DA:15,0
DA:16,0
LF:16
LH:4
BRF:0
BRH:0
end_of_record
TN:
SF:src/app/validation/car/carQueryValidation.js
FN:4,Object.<anonymous>.module.exports
FNF:1
FNH:1
FNDA:2,Object.<anonymous>.module.exports
DA:1,1
DA:2,1
DA:3,1
DA:4,1
DA:5,2
DA:6,2
DA:7,2
DA:8,2
DA:9,2
DA:10,2
DA:11,2
DA:12,2
DA:13,2
DA:14,2
DA:15,2
DA:16,2
DA:17,2
DA:18,2
DA:19,0
DA:20,0
DA:21,2
LF:21
LH:19
BRDA:4,0,0,2
BRDA:16,1,0,0
BRDA:18,2,0,0
BRF:3
BRH:1
end_of_record
TN:
SF:src/app/validation/car/create.js
FN:4,Object.<anonymous>.module.exports
FNF:1
FNH:1
FNDA:2,Object.<anonymous>.module.exports
DA:1,1
DA:2,1
DA:3,1
DA:4,1
DA:5,2
DA:6,2
DA:7,2
DA:8,2
DA:9,2
DA:10,2
DA:11,2
DA:12,2
DA:13,2
DA:14,2
DA:15,2
DA:16,2
DA:17,2
DA:18,2
DA:19,1
DA:20,1
DA:21,1
DA:22,1
DA:23,1
DA:24,2
LF:24
LH:24
BRDA:4,0,0,2
BRDA:18,1,0,1
BRF:2
BRH:2
end_of_record
TN:
SF:src/app/validation/car/updateCarValidation.js
FN:4,Object.<anonymous>.module.exports
FNF:1
FNH:0
FNDA:0,Object.<anonymous>.module.exports
DA:1,1
DA:2,1
DA:3,1
DA:4,1
DA:5,0
DA:6,0
DA:7,0
DA:8,0
DA:9,0
DA:10,0
DA:11,0
DA:12,0
DA:13,0
DA:14,0
DA:15,0
DA:16,0
DA:17,0
DA:18,0
DA:19,0
DA:20,0
DA:21,0
DA:22,0
DA:23,0
DA:24,0
LF:24
LH:4
BRF:0
BRH:0
end_of_record
TN:
SF:src/app/validation/car/validateId.js
FN:5,Object.<anonymous>.module.exports
FNF:1
FNH:1
FNDA:3,Object.<anonymous>.module.exports
DA:1,1
DA:2,1
DA:3,1
DA:4,1
DA:5,1
DA:6,3
DA:7,3
DA:8,3
DA:9,3
DA:10,3
DA:11,3
DA:12,2
DA:13,3
DA:14,1
DA:15,1
DA:16,3
LF:16
LH:16
BRDA:5,0,0,3
BRDA:11,1,0,1
BRDA:11,2,0,2
BRDA:13,3,0,1
BRF:4
BRH:4
end_of_record
TN:
SF:src/app/validation/people/authenticate.js
FN:4,Object.<anonymous>.module.exports
FNF:1
FNH:1
FNDA:3,Object.<anonymous>.module.exports
DA:1,1
DA:2,1
DA:3,1
DA:4,1
DA:5,3
DA:6,3
DA:7,3
DA:8,3
DA:9,3
DA:10,3
DA:11,3
DA:12,3
DA:13,3
DA:14,0
DA:15,0
DA:16,3
LF:16
LH:14
BRDA:4,0,0,3
BRDA:11,1,0,0
BRDA:13,2,0,0
BRF:3
BRH:1
end_of_record
TN:
SF:src/app/validation/people/create.js
FN:5,Object.<anonymous>.module.exports
FNF:1
FNH:1
FNDA:3,Object.<anonymous>.module.exports
DA:1,1
DA:2,1
DA:3,1
DA:4,1
DA:5,1
DA:6,3
DA:7,3
DA:8,3
DA:9,3
DA:10,3
DA:11,3
DA:12,3
DA:13,3
DA:14,3
DA:15,3
DA:16,3
DA:17,3
DA:18,3
DA:19,3
DA:20,0
DA:21,0
DA:22,3
LF:22
LH:20
BRDA:5,0,0,3
BRDA:17,1,0,0
BRDA:19,2,0,0
BRF:3
BRH:1
end_of_record
TN:
SF:src/app/validation/people/peopleQueryValidation.js
FN:5,Object.<anonymous>.module.exports
FNF:1
FNH:1
FNDA:1,Object.<anonymous>.module.exports
DA:1,1
DA:2,1
DA:3,1
DA:4,1
DA:5,1
DA:6,1
DA:7,1
DA:8,1
DA:9,1
DA:10,1
DA:11,1
DA:12,1
DA:13,1
DA:14,1
DA:15,1
DA:16,1
DA:17,1
DA:18,1
DA:19,1
DA:20,1
DA:21,1
DA:22,0
DA:23,0
DA:24,1
LF:24
LH:22
BRDA:5,0,0,1
BRDA:19,1,0,0
BRDA:21,2,0,0
BRF:3
BRH:1
end_of_record
TN:
SF:src/app/validation/people/updatePersonValidation.js
FN:5,Object.<anonymous>.module.exports
FNF:1
FNH:1
FNDA:1,Object.<anonymous>.module.exports
DA:1,1
DA:2,1
DA:3,1
DA:4,1
DA:5,1
DA:6,1
DA:7,1
DA:8,1
DA:9,1
DA:10,1
DA:11,1
DA:12,1
DA:13,1
DA:14,1
DA:15,1
DA:16,1
DA:17,1
DA:18,1
DA:19,1
DA:20,0
DA:21,0
DA:22,1
LF:22
LH:20
BRDA:5,0,0,1
BRDA:17,1,0,0
BRDA:19,2,0,0
BRF:3
BRH:1
end_of_record
TN:
SF:src/app/validation/rental/create.js
FN:5,Object.<anonymous>.module.exports
FNF:1
FNH:1
FNDA:8,Object.<anonymous>.module.exports
DA:1,1
DA:2,1
DA:3,1
DA:4,1
DA:5,1
DA:6,8
DA:7,8
DA:8,8
DA:9,8
DA:10,8
DA:11,8
DA:12,8
DA:13,8
DA:14,8
DA:15,8
DA:16,8
DA:17,8
DA:18,8
DA:19,8
DA:20,8
DA:21,8
DA:22,8
DA:23,8
DA:24,8
DA:25,8
DA:26,0
DA:27,0
DA:28,0
DA:29,8
LF:29
LH:26
BRDA:5,0,0,8
BRDA:23,1,0,0
BRDA:25,2,0,0
BRF:3
BRH:1
end_of_record
TN:
SF:src/app/validation/rental/rentalQueryValidation.js
FN:4,Object.<anonymous>.module.exports
FNF:1
FNH:1
FNDA:1,Object.<anonymous>.module.exports
DA:1,1
DA:2,1
DA:3,1
DA:4,1
DA:5,1
DA:6,1
DA:7,1
DA:8,1
DA:9,1
DA:10,1
DA:11,1
DA:12,1
DA:13,1
DA:14,1
DA:15,1
DA:16,1
DA:17,1
DA:18,1
DA:19,1
DA:20,1
DA:21,1
DA:22,1
DA:23,1
DA:24,0
DA:25,0
DA:26,1
LF:26
LH:24
BRDA:4,0,0,1
BRDA:21,1,0,0
BRDA:23,2,0,0
BRF:3
BRH:1
end_of_record
TN:
SF:src/app/validation/rental/updateRentalValidation.js
FN:5,Object.<anonymous>.module.exports
FNF:1
FNH:1
FNDA:2,Object.<anonymous>.module.exports
DA:1,1
DA:2,1
DA:3,1
DA:4,1
DA:5,1
DA:6,2
DA:7,2
DA:8,2
DA:9,2
DA:10,2
DA:11,2
DA:12,2
DA:13,2
DA:14,2
DA:15,2
DA:16,2
DA:17,2
DA:18,2
DA:19,2
DA:20,2
DA:21,2
DA:22,2
DA:23,2
DA:24,2
DA:25,2
DA:26,0
DA:27,0
DA:28,0
DA:29,2
DA:30,1
LF:30
LH:27
BRDA:5,0,0,2
BRDA:23,1,0,0
BRDA:25,2,0,0
BRF:3
BRH:1
end_of_record
TN:
SF:src/infra/database/mongo/index.js
FN:4,Database
FN:8,connect
FNF:2
FNH:2
FNDA:1,Database
FNDA:2,connect
DA:1,1
DA:2,1
DA:3,1
DA:4,1
DA:5,1
DA:6,1
DA:7,1
DA:8,1
DA:9,2
DA:10,2
DA:11,1
DA:12,1
DA:13,1
LF:13
LH:13
BRDA:4,0,0,1
BRDA:8,1,0,2
BRF:2
BRH:2
end_of_record
TN:
SF:src/routes/authenticate.router.js
FN:4,Object.<anonymous>.module.exports
FNF:1
FNH:1
FNDA:6,Object.<anonymous>.module.exports
DA:1,1
DA:2,1
DA:3,1
DA:4,1
DA:5,6
DA:6,6
DA:7,6
LF:7
LH:7
BRDA:4,0,0,6
BRF:1
BRH:1
end_of_record
TN:
SF:src/routes/car.router.js
FN:9,Object.<anonymous>.module.exports
FNF:1
FNH:1
FNDA:6,Object.<anonymous>.module.exports
DA:1,1
DA:2,1
DA:3,1
DA:4,1
DA:5,1
DA:6,1
DA:7,1
DA:8,1
DA:9,1
DA:10,6
DA:11,6
DA:12,6
DA:13,6
DA:14,6
DA:15,6
DA:16,6
DA:17,6
LF:17
LH:17
BRDA:9,0,0,6
BRF:1
BRH:1
end_of_record
TN:
SF:src/routes/index.js
FN:9,Object.<anonymous>.module.exports
FNF:1
FNH:1
FNDA:1,Object.<anonymous>.module.exports
DA:1,1
DA:2,1
DA:3,1
DA:4,1
DA:5,1
DA:6,1
DA:7,1
DA:8,1
DA:9,1
DA:10,1
DA:11,1
DA:12,6
DA:13,6
DA:14,6
DA:15,6
DA:16,6
DA:17,6
DA:18,6
DA:19,6
DA:20,1
LF:20
LH:20
BRDA:9,0,0,1
BRDA:11,1,0,6
BRF:2
BRH:2
end_of_record
TN:
SF:src/routes/people.router.js
FN:7,Object.<anonymous>.module.exports
FNF:1
FNH:1
FNDA:6,Object.<anonymous>.module.exports
DA:1,1
DA:2,1
DA:3,1
DA:4,1
DA:5,1
DA:6,1
DA:7,1
DA:8,6
DA:9,6
DA:10,6
DA:11,6
DA:12,6
DA:13,6
DA:14,6
LF:14
LH:14
BRDA:7,0,0,6
BRF:1
BRH:1
end_of_record
TN:
SF:src/routes/rental.router.js
FN:7,Object.<anonymous>.module.exports
FNF:1
FNH:1
FNDA:6,Object.<anonymous>.module.exports
DA:1,1
DA:2,1
DA:3,1
DA:4,1
DA:5,1
DA:6,1
DA:7,1
DA:8,6
DA:9,6
DA:10,6
DA:11,6
DA:12,6
DA:13,6
DA:14,6
LF:14
LH:14
BRDA:7,0,0,6
BRF:1
BRH:1
end_of_record
